{"/home/dante/Documents/Programming/nodejs/jsondata/index.js":{"path":"/home/dante/Documents/Programming/nodejs/jsondata/index.js","s":{"1":1,"2":1,"3":1,"4":1,"5":1,"6":1,"7":1,"8":1,"9":1,"10":1,"11":0,"12":1,"13":1,"14":1,"15":1,"16":1,"17":1,"18":1,"19":1,"20":1,"21":1,"22":2,"23":2,"24":2,"25":0,"26":2},"b":{"1":[0,1],"2":[0,2]},"f":{"1":1,"2":1,"3":1,"4":1,"5":1,"6":2,"7":2},"fnMap":{"1":{"name":"(anonymous_1)","line":6,"loc":{"start":{"line":6,"column":17},"end":{"line":6,"column":27}}},"2":{"name":"(anonymous_2)","line":10,"loc":{"start":{"line":10,"column":16},"end":{"line":10,"column":44}}},"3":{"name":"(anonymous_3)","line":12,"loc":{"start":{"line":12,"column":38},"end":{"line":12,"column":59}}},"4":{"name":"(anonymous_4)","line":20,"loc":{"start":{"line":20,"column":15},"end":{"line":20,"column":41}}},"5":{"name":"(anonymous_5)","line":25,"loc":{"start":{"line":25,"column":18},"end":{"line":25,"column":41}}},"6":{"name":"(anonymous_6)","line":30,"loc":{"start":{"line":30,"column":16},"end":{"line":30,"column":44}}},"7":{"name":"(anonymous_7)","line":32,"loc":{"start":{"line":32,"column":42},"end":{"line":32,"column":55}}}},"statementMap":{"1":{"start":{"line":2,"column":0},"end":{"line":2,"column":23}},"2":{"start":{"line":3,"column":0},"end":{"line":3,"column":29}},"3":{"start":{"line":4,"column":0},"end":{"line":4,"column":17}},"4":{"start":{"line":6,"column":0},"end":{"line":37,"column":2}},"5":{"start":{"line":7,"column":4},"end":{"line":7,"column":20}},"6":{"start":{"line":8,"column":4},"end":{"line":8,"column":19}},"7":{"start":{"line":10,"column":4},"end":{"line":18,"column":6}},"8":{"start":{"line":11,"column":8},"end":{"line":11,"column":16}},"9":{"start":{"line":12,"column":8},"end":{"line":17,"column":11}},"10":{"start":{"line":13,"column":12},"end":{"line":13,"column":42}},"11":{"start":{"line":13,"column":21},"end":{"line":13,"column":42}},"12":{"start":{"line":14,"column":12},"end":{"line":14,"column":35}},"13":{"start":{"line":15,"column":12},"end":{"line":15,"column":28}},"14":{"start":{"line":16,"column":12},"end":{"line":16,"column":32}},"15":{"start":{"line":20,"column":4},"end":{"line":23,"column":6}},"16":{"start":{"line":21,"column":8},"end":{"line":21,"column":45}},"17":{"start":{"line":22,"column":8},"end":{"line":22,"column":19}},"18":{"start":{"line":25,"column":4},"end":{"line":28,"column":6}},"19":{"start":{"line":26,"column":8},"end":{"line":26,"column":42}},"20":{"start":{"line":27,"column":8},"end":{"line":27,"column":19}},"21":{"start":{"line":30,"column":4},"end":{"line":36,"column":6}},"22":{"start":{"line":31,"column":8},"end":{"line":31,"column":62}},"23":{"start":{"line":32,"column":8},"end":{"line":35,"column":11}},"24":{"start":{"line":33,"column":12},"end":{"line":33,"column":42}},"25":{"start":{"line":33,"column":21},"end":{"line":33,"column":42}},"26":{"start":{"line":34,"column":12},"end":{"line":34,"column":38}}},"branchMap":{"1":{"line":13,"type":"if","locations":[{"start":{"line":13,"column":12},"end":{"line":13,"column":12}},{"start":{"line":13,"column":12},"end":{"line":13,"column":12}}]},"2":{"line":33,"type":"if","locations":[{"start":{"line":33,"column":12},"end":{"line":33,"column":12}},{"start":{"line":33,"column":12},"end":{"line":33,"column":12}}]}}}}